<?xml version="1.0" encoding="UTF-8"?>
<coverage generated="1581875481363" clover="3.2.0">
  <project timestamp="1581875481363" name="All files">
    <metrics statements="35" coveredstatements="31" conditionals="20" coveredconditionals="11" methods="9" coveredmethods="5" elements="64" coveredelements="47" complexity="0" loc="35" ncloc="35" packages="1" files="1" classes="1"/>
    <file name="OpenAPI3.ts" path="/Users/terotolonen/dev/ts2swagger/src/OpenAPI3.ts">
      <metrics statements="35" coveredstatements="31" conditionals="20" coveredconditionals="11" methods="9" coveredmethods="5"/>
      <line num="128" count="1" type="stmt"/>
      <line num="129" count="0" type="cond" truecount="0" falsecount="2"/>
      <line num="131" count="1" type="stmt"/>
      <line num="132" count="5" type="cond" truecount="2" falsecount="0"/>
      <line num="134" count="1" type="stmt"/>
      <line num="135" count="6" type="cond" truecount="2" falsecount="0"/>
      <line num="138" count="1" type="stmt"/>
      <line num="139" count="0" type="cond" truecount="0" falsecount="2"/>
      <line num="141" count="1" type="stmt"/>
      <line num="142" count="11" type="cond" truecount="2" falsecount="0"/>
      <line num="144" count="1" type="stmt"/>
      <line num="145" count="7" type="cond" truecount="2" falsecount="0"/>
      <line num="147" count="1" type="stmt"/>
      <line num="148" count="0" type="cond" truecount="0" falsecount="2"/>
      <line num="150" count="1" type="stmt"/>
      <line num="151" count="0" type="cond" truecount="0" falsecount="2"/>
      <line num="153" count="1" type="stmt"/>
      <line num="154" count="2" type="cond" truecount="2" falsecount="0"/>
      <line num="396" count="1" type="stmt"/>
      <line num="400" count="1" type="stmt"/>
      <line num="404" count="1" type="stmt"/>
      <line num="408" count="1" type="stmt"/>
      <line num="421" count="1" type="stmt"/>
      <line num="439" count="1" type="stmt"/>
      <line num="455" count="1" type="stmt"/>
      <line num="461" count="1" type="stmt"/>
      <line num="466" count="1" type="stmt"/>
      <line num="485" count="1" type="stmt"/>
      <line num="498" count="1" type="stmt"/>
      <line num="509" count="1" type="stmt"/>
      <line num="519" count="1" type="cond" truecount="1" falsecount="1"/>
      <line num="522" count="1" type="stmt"/>
      <line num="535" count="1" type="stmt"/>
      <line num="544" count="1" type="stmt"/>
      <line num="873" count="1" type="stmt"/>
    </file>
  </project>
</coverage>
