{"/Users/terotolonen/dev/ts2swagger/src/OpenAPI3.ts": {"path":"/Users/terotolonen/dev/ts2swagger/src/OpenAPI3.ts","statementMap":{"0":{"start":{"line":129,"column":2},"end":{"line":129,"column":null}},"1":{"start":{"line":128,"column":0},"end":{"line":128,"column":16}},"2":{"start":{"line":132,"column":2},"end":{"line":132,"column":null}},"3":{"start":{"line":131,"column":0},"end":{"line":131,"column":16}},"4":{"start":{"line":135,"column":2},"end":{"line":135,"column":null}},"5":{"start":{"line":134,"column":0},"end":{"line":134,"column":16}},"6":{"start":{"line":139,"column":2},"end":{"line":139,"column":null}},"7":{"start":{"line":138,"column":0},"end":{"line":138,"column":16}},"8":{"start":{"line":142,"column":2},"end":{"line":142,"column":null}},"9":{"start":{"line":141,"column":0},"end":{"line":141,"column":16}},"10":{"start":{"line":145,"column":2},"end":{"line":145,"column":null}},"11":{"start":{"line":144,"column":0},"end":{"line":144,"column":16}},"12":{"start":{"line":148,"column":2},"end":{"line":148,"column":null}},"13":{"start":{"line":147,"column":0},"end":{"line":147,"column":16}},"14":{"start":{"line":151,"column":2},"end":{"line":151,"column":null}},"15":{"start":{"line":150,"column":0},"end":{"line":150,"column":16}},"16":{"start":{"line":154,"column":2},"end":{"line":154,"column":null}},"17":{"start":{"line":153,"column":0},"end":{"line":153,"column":16}},"18":{"start":{"line":396,"column":47},"end":{"line":399,"column":2}},"19":{"start":{"line":400,"column":37},"end":{"line":403,"column":2}},"20":{"start":{"line":404,"column":39},"end":{"line":407,"column":2}},"21":{"start":{"line":408,"column":41},"end":{"line":420,"column":2}},"22":{"start":{"line":421,"column":37},"end":{"line":437,"column":2}},"23":{"start":{"line":439,"column":33},"end":{"line":453,"column":2}},"24":{"start":{"line":455,"column":39},"end":{"line":459,"column":2}},"25":{"start":{"line":461,"column":39},"end":{"line":464,"column":2}},"26":{"start":{"line":466,"column":37},"end":{"line":483,"column":2}},"27":{"start":{"line":485,"column":38},"end":{"line":496,"column":2}},"28":{"start":{"line":498,"column":49},"end":{"line":507,"column":2}},"29":{"start":{"line":509,"column":37},"end":{"line":518,"column":2}},"30":{"start":{"line":519,"column":0},"end":{"line":520,"column":null}},"31":{"start":{"line":522,"column":50},"end":{"line":533,"column":2}},"32":{"start":{"line":535,"column":33},"end":{"line":542,"column":2}},"33":{"start":{"line":544,"column":34},"end":{"line":781,"column":2}},"34":{"start":{"line":873,"column":31},"end":{"line":1073,"column":2}}},"fnMap":{"0":{"name":"isAnyOf","decl":{"start":{"line":128,"column":16},"end":{"line":128,"column":23}},"loc":{"start":{"line":128,"column":44},"end":{"line":130,"column":1}}},"1":{"name":"isAllOf","decl":{"start":{"line":131,"column":16},"end":{"line":131,"column":23}},"loc":{"start":{"line":131,"column":44},"end":{"line":133,"column":1}}},"2":{"name":"isRef","decl":{"start":{"line":134,"column":16},"end":{"line":134,"column":21}},"loc":{"start":{"line":134,"column":42},"end":{"line":136,"column":1}}},"3":{"name":"isOneOf","decl":{"start":{"line":138,"column":16},"end":{"line":138,"column":23}},"loc":{"start":{"line":138,"column":44},"end":{"line":140,"column":1}}},"4":{"name":"isObject","decl":{"start":{"line":141,"column":16},"end":{"line":141,"column":24}},"loc":{"start":{"line":141,"column":45},"end":{"line":143,"column":1}}},"5":{"name":"isString","decl":{"start":{"line":144,"column":16},"end":{"line":144,"column":24}},"loc":{"start":{"line":144,"column":45},"end":{"line":146,"column":1}}},"6":{"name":"isNumber","decl":{"start":{"line":147,"column":16},"end":{"line":147,"column":24}},"loc":{"start":{"line":147,"column":45},"end":{"line":149,"column":1}}},"7":{"name":"isBoolean","decl":{"start":{"line":150,"column":16},"end":{"line":150,"column":25}},"loc":{"start":{"line":150,"column":46},"end":{"line":152,"column":1}}},"8":{"name":"isInteger","decl":{"start":{"line":153,"column":16},"end":{"line":153,"column":25}},"loc":{"start":{"line":153,"column":46},"end":{"line":155,"column":1}}}},"branchMap":{"0":{"loc":{"start":{"line":129,"column":9},"end":{"line":129,"column":14}},"type":"binary-expr","locations":[{"start":{"line":129,"column":9},"end":{"line":129,"column":14}},{"start":{"line":129,"column":18},"end":{"line":129,"column":74}}]},"1":{"loc":{"start":{"line":132,"column":9},"end":{"line":132,"column":14}},"type":"binary-expr","locations":[{"start":{"line":132,"column":9},"end":{"line":132,"column":14}},{"start":{"line":132,"column":18},"end":{"line":132,"column":74}}]},"2":{"loc":{"start":{"line":135,"column":9},"end":{"line":135,"column":14}},"type":"binary-expr","locations":[{"start":{"line":135,"column":9},"end":{"line":135,"column":14}},{"start":{"line":135,"column":18},"end":{"line":135,"column":77}}]},"3":{"loc":{"start":{"line":139,"column":9},"end":{"line":139,"column":14}},"type":"binary-expr","locations":[{"start":{"line":139,"column":9},"end":{"line":139,"column":14}},{"start":{"line":139,"column":18},"end":{"line":139,"column":74}}]},"4":{"loc":{"start":{"line":142,"column":9},"end":{"line":142,"column":14}},"type":"binary-expr","locations":[{"start":{"line":142,"column":9},"end":{"line":142,"column":14}},{"start":{"line":142,"column":19},"end":{"line":142,"column":70}}]},"5":{"loc":{"start":{"line":145,"column":9},"end":{"line":145,"column":14}},"type":"binary-expr","locations":[{"start":{"line":145,"column":9},"end":{"line":145,"column":14}},{"start":{"line":145,"column":19},"end":{"line":145,"column":70}}]},"6":{"loc":{"start":{"line":148,"column":9},"end":{"line":148,"column":14}},"type":"binary-expr","locations":[{"start":{"line":148,"column":9},"end":{"line":148,"column":14}},{"start":{"line":148,"column":19},"end":{"line":148,"column":70}}]},"7":{"loc":{"start":{"line":151,"column":9},"end":{"line":151,"column":14}},"type":"binary-expr","locations":[{"start":{"line":151,"column":9},"end":{"line":151,"column":14}},{"start":{"line":151,"column":19},"end":{"line":151,"column":76}}]},"8":{"loc":{"start":{"line":154,"column":9},"end":{"line":154,"column":14}},"type":"binary-expr","locations":[{"start":{"line":154,"column":9},"end":{"line":154,"column":14}},{"start":{"line":154,"column":19},"end":{"line":154,"column":72}}]},"9":{"loc":{"start":{"line":519,"column":0},"end":{"line":520,"column":null}},"type":"if","locations":[{"start":{"line":519,"column":0},"end":{"line":520,"column":null}},{"start":{"line":519,"column":0},"end":{"line":520,"column":null}}]}},"s":{"0":0,"1":1,"2":5,"3":1,"4":6,"5":1,"6":0,"7":1,"8":11,"9":1,"10":7,"11":1,"12":0,"13":1,"14":0,"15":1,"16":2,"17":1,"18":1,"19":1,"20":1,"21":1,"22":1,"23":1,"24":1,"25":1,"26":1,"27":1,"28":1,"29":1,"30":1,"31":1,"32":1,"33":1,"34":1},"f":{"0":0,"1":5,"2":6,"3":0,"4":11,"5":7,"6":0,"7":0,"8":2},"b":{"0":[0,0],"1":[5,5],"2":[6,6],"3":[0,0],"4":[11,11],"5":[7,7],"6":[0,0],"7":[0,0],"8":[2,2],"9":[1,0]}}
}
