TN:
SF:/Users/terotolonen/dev/ts2swagger/src/OpenAPI3.ts
FN:128,isAnyOf
FN:131,isAllOf
FN:134,isRef
FN:138,isOneOf
FN:141,isObject
FN:144,isString
FN:147,isNumber
FN:150,isBoolean
FN:153,isInteger
FNF:9
FNH:5
FNDA:0,isAnyOf
FNDA:5,isAllOf
FNDA:6,isRef
FNDA:0,isOneOf
FNDA:11,isObject
FNDA:7,isString
FNDA:0,isNumber
FNDA:0,isBoolean
FNDA:2,isInteger
DA:128,1
DA:129,0
DA:131,1
DA:132,5
DA:134,1
DA:135,6
DA:138,1
DA:139,0
DA:141,1
DA:142,11
DA:144,1
DA:145,7
DA:147,1
DA:148,0
DA:150,1
DA:151,0
DA:153,1
DA:154,2
DA:396,1
DA:400,1
DA:404,1
DA:408,1
DA:421,1
DA:439,1
DA:455,1
DA:461,1
DA:466,1
DA:485,1
DA:498,1
DA:509,1
DA:519,1
DA:522,1
DA:535,1
DA:544,1
DA:873,1
LF:35
LH:31
BRDA:129,0,0,0
BRDA:129,0,1,0
BRDA:132,1,0,5
BRDA:132,1,1,5
BRDA:135,2,0,6
BRDA:135,2,1,6
BRDA:139,3,0,0
BRDA:139,3,1,0
BRDA:142,4,0,11
BRDA:142,4,1,11
BRDA:145,5,0,7
BRDA:145,5,1,7
BRDA:148,6,0,0
BRDA:148,6,1,0
BRDA:151,7,0,0
BRDA:151,7,1,0
BRDA:154,8,0,2
BRDA:154,8,1,2
BRDA:519,9,0,1
BRDA:519,9,1,0
BRF:20
BRH:11
end_of_record
